turn 0
turntime 2
loadtime 2
bots 1
m poertu
m kalima
m ganesh
m mugger
m lovers
m zephyr
ready
turn 1
m poertu
m kalima
m ganesh
m mugger
m lovers
m zephyr
score 0
go
turn 2
m puerto
m kalima
m ghnesa
m mrggeu
m lsvero
m trjhye
score 1
go
turn 3
m putrey
m kamila
m ghsena
m mreggu
m lsrevm
m tyyhje
score 2
go
turn 4
m putdry
m kamliu
m ghsnea
m moeggu
m lsrvem
m tyyjhe
score 3
go
turn 5
m prtduy
m kimlau
m gesnha
m mgegou
m lervsm
m thyjye
score 4
go
turn 6
m rptduy
m ikmlau
m egsnha
m gmegou
m elrvsm
m htyjye
score 5
go
turn 7
m uptdry
m akmliu
m hgsnea
m omeggu
m slrvem
m ytyjhe
score 6
go
turn 8
m uptdry
m akmliu
m hgsnea
m omeggu
m slpvem
m ytyjhe
score 7
go
turn 9
m dptury
m lkmaiu
m ngshea
m gmeogu
m vlpsem
m jtyyhe
score 8
go
turn 10
m dpruty
m lkiamu
m ngehsa
m gmgoeu
m vlespm
m jthyye
score 9
go
end
scores 10 10
my_score  10
status None None
my_status None
go
