# turn 1
s 0 1 0 5
s 1 1 1 5
s 2 1 2 5
s 3 1 3 5
s 4 1 4 5
s 5 1 5 5
# turn 2
s 0 2 0 4
s 1 2 1 4
s 2 2 2 4
s 3 2 3 4
s 4 2 4 4
s 5 2 5 4
# turn 3
s 0 4 0 3
s 1 4 1 3
s 2 4 2 3
s 3 4 3 3
s 4 4 4 3
s 5 4 5 3
# turn 4
s 0 4 0 1
s 1 4 1 1
s 2 4 2 1
s 3 4 3 1
s 4 4 4 1
s 5 4 5 1
# turn 5
s 0 0 0 1
s 1 0 1 1
s 2 0 2 1
s 3 0 3 1
s 4 0 4 1
s 5 0 5 1
# turn 6
s 0 0 0 4
s 1 0 1 4
s 2 0 2 4
s 3 0 3 4
s 4 0 4 4
s 5 0 5 4
# turn 7
s 0 4 0 4
s 1 4 1 4
s 2 4 2 4
s 3 4 3 4
s 4 4 4 4
s 5 4 5 4
# turn 8
s 0 3 0 0
s 1 3 1 0
s 2 3 2 0
s 3 3 3 0
s 4 3 4 0
s 5 3 5 0
# turn 9
s 0 2 0 4
s 1 2 1 4
s 2 2 2 4
s 3 2 3 4
s 4 2 4 4
s 5 2 5 4
# turn 10
s 0 1 0 2
s 1 1 1 2
s 2 1 2 2
s 3 1 3 2
s 4 1 4 2
s 5 1 5 2
